{"/Users/rviering/Projects/github/react-reactnative-skeleton/react/src/app/index.js": {"path":"/Users/rviering/Projects/github/react-reactnative-skeleton/react/src/app/index.js","statementMap":{"0":{"start":{"line":7,"column":201},"end":{"line":7,"column":255}},"1":{"start":{"line":10,"column":38},"end":{"line":10,"column":111}},"2":{"start":{"line":11,"column":46},"end":{"line":11,"column":148}},"3":{"start":{"line":14,"column":39},"end":{"line":14,"column":67}},"4":{"start":{"line":16,"column":0},"end":{"line":19,"column":6}},"5":{"start":{"line":18,"column":2},"end":{"line":18,"column":35}},"6":{"start":{"line":22,"column":0},"end":{"line":25,"column":6}},"7":{"start":{"line":24,"column":2},"end":{"line":24,"column":35}},"8":{"start":{"line":28,"column":0},"end":{"line":32,"column":3}},"9":{"start":{"line":33,"column":0},"end":{"line":37,"column":3}},"10":{"start":{"line":39,"column":0},"end":{"line":42,"column":6}},"11":{"start":{"line":41,"column":2},"end":{"line":41,"column":42}}},"fnMap":{"0":{"name":"_interopRequireDefault","decl":{"start":{"line":7,"column":172},"end":{"line":7,"column":194}},"loc":{"start":{"line":7,"column":200},"end":{"line":7,"column":256}}},"1":{"name":"init","decl":{"start":{"line":17,"column":42},"end":{"line":17,"column":46}},"loc":{"start":{"line":17,"column":49},"end":{"line":19,"column":2}}},"2":{"name":"init","decl":{"start":{"line":23,"column":42},"end":{"line":23,"column":46}},"loc":{"start":{"line":23,"column":49},"end":{"line":25,"column":2}}},"3":{"name":"init","decl":{"start":{"line":40,"column":42},"end":{"line":40,"column":46}},"loc":{"start":{"line":40,"column":49},"end":{"line":42,"column":2}}}},"branchMap":{"0":{"loc":{"start":{"line":7,"column":208},"end":{"line":7,"column":254}},"type":"cond-expr","locations":[{"start":{"line":7,"column":232},"end":{"line":7,"column":235}},{"start":{"line":7,"column":238},"end":{"line":7,"column":254}}]},"1":{"loc":{"start":{"line":7,"column":208},"end":{"line":7,"column":229}},"type":"binary-expr","locations":[{"start":{"line":7,"column":208},"end":{"line":7,"column":211}},{"start":{"line":7,"column":215},"end":{"line":7,"column":229}}]}},"s":{"0":0,"1":0,"2":0,"3":0,"4":0,"5":0,"6":0,"7":0,"8":0,"9":0,"10":0,"11":0},"f":{"0":0,"1":0,"2":0,"3":0},"b":{"0":[0,0],"1":[0,0]}}
,"/Users/rviering/Projects/github/react-reactnative-skeleton/react/src/app/about/aboutComponent.js": {"path":"/Users/rviering/Projects/github/react-reactnative-skeleton/react/src/app/about/aboutComponent.js","statementMap":{"0":{"start":{"line":3,"column":23},"end":{"line":19,"column":2}},"1":{"start":{"line":5,"column":2},"end":{"line":5,"column":20}},"2":{"start":{"line":9,"column":2},"end":{"line":11,"column":6}},"3":{"start":{"line":15,"column":2},"end":{"line":17,"column":4}}},"fnMap":{},"branchMap":{},"s":{"0":1,"1":2,"2":1,"3":3},"f":{},"b":{},"_coverageSchema":"332fd63041d2c1bcb487cc26dd0d5f7d97098a6c","hash":"7015e1b2ba3c3f95e8f1655b36e206cff910a1a3"}
,"/Users/rviering/Projects/github/react-reactnative-skeleton/react/src/app/about/index.js": {"path":"/Users/rviering/Projects/github/react-reactnative-skeleton/react/src/app/about/index.js","statementMap":{"0":{"start":{"line":1,"column":39},"end":{"line":1,"column":101}},"1":{"start":{"line":4,"column":207},"end":{"line":4,"column":261}},"2":{"start":{"line":6,"column":11},"end":{"line":8,"column":1}},"3":{"start":{"line":10,"column":14},"end":{"line":12,"column":1}}},"fnMap":{"0":{"name":"_interopRequireDefault","decl":{"start":{"line":4,"column":178},"end":{"line":4,"column":200}},"loc":{"start":{"line":4,"column":206},"end":{"line":4,"column":262}}},"1":{"name":"init","decl":{"start":{"line":6,"column":20},"end":{"line":6,"column":24}},"loc":{"start":{"line":6,"column":30},"end":{"line":8,"column":1}}},"2":{"name":"dispose","decl":{"start":{"line":10,"column":23},"end":{"line":10,"column":30}},"loc":{"start":{"line":10,"column":33},"end":{"line":12,"column":1}}}},"branchMap":{"0":{"loc":{"start":{"line":4,"column":214},"end":{"line":4,"column":260}},"type":"cond-expr","locations":[{"start":{"line":4,"column":238},"end":{"line":4,"column":241}},{"start":{"line":4,"column":244},"end":{"line":4,"column":260}}]},"1":{"loc":{"start":{"line":4,"column":214},"end":{"line":4,"column":235}},"type":"binary-expr","locations":[{"start":{"line":4,"column":214},"end":{"line":4,"column":217}},{"start":{"line":4,"column":221},"end":{"line":4,"column":235}}]}},"s":{"0":0,"1":0,"2":0,"3":0},"f":{"0":0,"1":0,"2":0},"b":{"0":[0,0],"1":[0,0]}}
,"/Users/rviering/Projects/github/react-reactnative-skeleton/react/src/app/actions/actions.js": {"path":"/Users/rviering/Projects/github/react-reactnative-skeleton/react/src/app/actions/actions.js","statementMap":{"0":{"start":{"line":1,"column":35},"end":{"line":1,"column":56}}},"fnMap":{},"branchMap":{},"s":{"0":1},"f":{},"b":{},"_coverageSchema":"332fd63041d2c1bcb487cc26dd0d5f7d97098a6c","hash":"d44fac7fe12b39b652027b6da45b91ee1bc20ec8"}
,"/Users/rviering/Projects/github/react-reactnative-skeleton/react/src/app/actions/createActionCreator.js": {"path":"/Users/rviering/Projects/github/react-reactnative-skeleton/react/src/app/actions/createActionCreator.js","statementMap":{"0":{"start":{"line":3,"column":35},"end":{"line":15,"column":1}},"1":{"start":{"line":4,"column":26},"end":{"line":12,"column":2}},"2":{"start":{"line":5,"column":2},"end":{"line":11,"column":6}},"3":{"start":{"line":7,"column":4},"end":{"line":10,"column":7}},"4":{"start":{"line":14,"column":1},"end":{"line":14,"column":27}}},"fnMap":{"0":{"name":"(anonymous_0)","decl":{"start":{"line":3,"column":35},"end":{"line":3,"column":36}},"loc":{"start":{"line":3,"column":60},"end":{"line":15,"column":1}}},"1":{"name":"(anonymous_1)","decl":{"start":{"line":4,"column":26},"end":{"line":4,"column":27}},"loc":{"start":{"line":4,"column":32},"end":{"line":12,"column":2}}},"2":{"name":"(anonymous_2)","decl":{"start":{"line":6,"column":9},"end":{"line":6,"column":10}},"loc":{"start":{"line":6,"column":21},"end":{"line":11,"column":4}}}},"branchMap":{},"s":{"0":1,"1":1,"2":1,"3":1,"4":1},"f":{"0":1,"1":1,"2":1},"b":{},"_coverageSchema":"332fd63041d2c1bcb487cc26dd0d5f7d97098a6c","hash":"decf9875d3507d8f82a3922dc01f54444500e5f6"}
,"/Users/rviering/Projects/github/react-reactnative-skeleton/react/src/app/core/dataProvider.js": {"path":"/Users/rviering/Projects/github/react-reactnative-skeleton/react/src/app/core/dataProvider.js","statementMap":{"0":{"start":{"line":1,"column":39},"end":{"line":1,"column":101}},"1":{"start":{"line":3,"column":21},"end":{"line":5,"column":1}},"2":{"start":{"line":4,"column":1},"end":{"line":4,"column":105}}},"fnMap":{"0":{"name":"getAssortments","decl":{"start":{"line":3,"column":30},"end":{"line":3,"column":44}},"loc":{"start":{"line":3,"column":47},"end":{"line":5,"column":1}}}},"branchMap":{},"s":{"0":0,"1":0,"2":0},"f":{"0":0},"b":{}}
,"/Users/rviering/Projects/github/react-reactnative-skeleton/react/src/app/core/httpProvider.js": {"path":"/Users/rviering/Projects/github/react-reactnative-skeleton/react/src/app/core/httpProvider.js","statementMap":{"0":{"start":{"line":1,"column":39},"end":{"line":1,"column":101}},"1":{"start":{"line":1,"column":101},"end":{"line":1,"column":126}},"2":{"start":{"line":1,"column":296},"end":{"line":1,"column":350}},"3":{"start":{"line":3,"column":10},"end":{"line":20,"column":1}},"4":{"start":{"line":4,"column":1},"end":{"line":19,"column":4}},"5":{"start":{"line":5,"column":39},"end":{"line":17,"column":7}},"6":{"start":{"line":12,"column":4},"end":{"line":12,"column":18}},"7":{"start":{"line":15,"column":4},"end":{"line":15,"column":17}},"8":{"start":{"line":16,"column":4},"end":{"line":16,"column":19}},"9":{"start":{"line":22,"column":11},"end":{"line":40,"column":1}},"10":{"start":{"line":23,"column":1},"end":{"line":39,"column":4}},"11":{"start":{"line":24,"column":39},"end":{"line":37,"column":7}},"12":{"start":{"line":32,"column":4},"end":{"line":32,"column":18}},"13":{"start":{"line":35,"column":4},"end":{"line":35,"column":17}},"14":{"start":{"line":36,"column":4},"end":{"line":36,"column":19}},"15":{"start":{"line":42,"column":37},"end":{"line":44,"column":13}}},"fnMap":{"0":{"name":"_interopRequireDefault","decl":{"start":{"line":1,"column":267},"end":{"line":1,"column":289}},"loc":{"start":{"line":1,"column":295},"end":{"line":1,"column":351}}},"1":{"name":"get","decl":{"start":{"line":3,"column":19},"end":{"line":3,"column":22}},"loc":{"start":{"line":3,"column":36},"end":{"line":20,"column":1}}},"2":{"name":"(anonymous_2)","decl":{"start":{"line":4,"column":20},"end":{"line":4,"column":21}},"loc":{"start":{"line":4,"column":47},"end":{"line":19,"column":2}}},"3":{"name":"success","decl":{"start":{"line":11,"column":47},"end":{"line":11,"column":54}},"loc":{"start":{"line":11,"column":61},"end":{"line":13,"column":4}}},"4":{"name":"error","decl":{"start":{"line":14,"column":45},"end":{"line":14,"column":50}},"loc":{"start":{"line":14,"column":59},"end":{"line":17,"column":4}}},"5":{"name":"post","decl":{"start":{"line":22,"column":20},"end":{"line":22,"column":24}},"loc":{"start":{"line":22,"column":44},"end":{"line":40,"column":1}}},"6":{"name":"(anonymous_6)","decl":{"start":{"line":23,"column":20},"end":{"line":23,"column":21}},"loc":{"start":{"line":23,"column":47},"end":{"line":39,"column":2}}},"7":{"name":"success","decl":{"start":{"line":31,"column":47},"end":{"line":31,"column":54}},"loc":{"start":{"line":31,"column":61},"end":{"line":33,"column":4}}},"8":{"name":"error","decl":{"start":{"line":34,"column":45},"end":{"line":34,"column":50}},"loc":{"start":{"line":34,"column":59},"end":{"line":37,"column":4}}}},"branchMap":{"0":{"loc":{"start":{"line":1,"column":303},"end":{"line":1,"column":349}},"type":"cond-expr","locations":[{"start":{"line":1,"column":327},"end":{"line":1,"column":330}},{"start":{"line":1,"column":333},"end":{"line":1,"column":349}}]},"1":{"loc":{"start":{"line":1,"column":303},"end":{"line":1,"column":324}},"type":"binary-expr","locations":[{"start":{"line":1,"column":303},"end":{"line":1,"column":306}},{"start":{"line":1,"column":310},"end":{"line":1,"column":324}}]}},"s":{"0":0,"1":0,"2":0,"3":0,"4":0,"5":0,"6":0,"7":0,"8":0,"9":0,"10":0,"11":0,"12":0,"13":0,"14":0,"15":0},"f":{"0":0,"1":0,"2":0,"3":0,"4":0,"5":0,"6":0,"7":0,"8":0},"b":{"0":[0,0],"1":[0,0]}}
,"/Users/rviering/Projects/github/react-reactnative-skeleton/react/src/app/core/rendering.js": {"path":"/Users/rviering/Projects/github/react-reactnative-skeleton/react/src/app/core/rendering.js","statementMap":{"0":{"start":{"line":1,"column":39},"end":{"line":1,"column":101}},"1":{"start":{"line":1,"column":101},"end":{"line":3,"column":16}},"2":{"start":{"line":3,"column":202},"end":{"line":3,"column":256}},"3":{"start":{"line":4,"column":48},"end":{"line":4,"column":86}},"4":{"start":{"line":5,"column":1},"end":{"line":5,"column":45}}},"fnMap":{"0":{"name":"_interopRequireDefault","decl":{"start":{"line":3,"column":173},"end":{"line":3,"column":195}},"loc":{"start":{"line":3,"column":201},"end":{"line":3,"column":257}}},"1":{"name":"render","decl":{"start":{"line":3,"column":266},"end":{"line":3,"column":272}},"loc":{"start":{"line":3,"column":301},"end":{"line":6,"column":1}}}},"branchMap":{"0":{"loc":{"start":{"line":3,"column":209},"end":{"line":3,"column":255}},"type":"cond-expr","locations":[{"start":{"line":3,"column":233},"end":{"line":3,"column":236}},{"start":{"line":3,"column":239},"end":{"line":3,"column":255}}]},"1":{"loc":{"start":{"line":3,"column":209},"end":{"line":3,"column":230}},"type":"binary-expr","locations":[{"start":{"line":3,"column":209},"end":{"line":3,"column":212}},{"start":{"line":3,"column":216},"end":{"line":3,"column":230}}]}},"s":{"0":0,"1":0,"2":0,"3":0,"4":0},"f":{"0":0,"1":0},"b":{"0":[0,0],"1":[0,0]}}
,"/Users/rviering/Projects/github/react-reactnative-skeleton/react/src/app/core/router.js": {"path":"/Users/rviering/Projects/github/react-reactnative-skeleton/react/src/app/core/router.js","statementMap":{"0":{"start":{"line":1,"column":39},"end":{"line":1,"column":101}},"1":{"start":{"line":1,"column":120},"end":{"line":47,"column":1}},"2":{"start":{"line":2,"column":14},"end":{"line":2,"column":16}},"3":{"start":{"line":3,"column":21},"end":{"line":3,"column":67}},"4":{"start":{"line":4,"column":49},"end":{"line":4,"column":55}},"5":{"start":{"line":6,"column":16},"end":{"line":8,"column":2}},"6":{"start":{"line":7,"column":2},"end":{"line":7,"column":34}},"7":{"start":{"line":10,"column":25},"end":{"line":12,"column":2}},"8":{"start":{"line":11,"column":2},"end":{"line":11,"column":26}},"9":{"start":{"line":14,"column":21},"end":{"line":39,"column":2}},"10":{"start":{"line":16,"column":12},"end":{"line":16,"column":34}},"11":{"start":{"line":17,"column":21},"end":{"line":17,"column":32}},"12":{"start":{"line":19,"column":2},"end":{"line":28,"column":3}},"13":{"start":{"line":20,"column":24},"end":{"line":20,"column":35}},"14":{"start":{"line":22,"column":3},"end":{"line":24,"column":4}},"15":{"start":{"line":23,"column":4},"end":{"line":23,"column":52}},"16":{"start":{"line":26,"column":3},"end":{"line":26,"column":20}},"17":{"start":{"line":27,"column":3},"end":{"line":27,"column":10}},"18":{"start":{"line":30,"column":2},"end":{"line":34,"column":3}},"19":{"start":{"line":31,"column":3},"end":{"line":33,"column":4}},"20":{"start":{"line":32,"column":4},"end":{"line":32,"column":38}},"21":{"start":{"line":36,"column":2},"end":{"line":36,"column":54}},"22":{"start":{"line":38,"column":2},"end":{"line":38,"column":24}},"23":{"start":{"line":41,"column":1},"end":{"line":44,"column":2}},"24":{"start":{"line":42,"column":2},"end":{"line":42,"column":55}},"25":{"start":{"line":43,"column":2},"end":{"line":43,"column":49}},"26":{"start":{"line":46,"column":1},"end":{"line":46,"column":69}}},"fnMap":{"0":{"name":"createRouter","decl":{"start":{"line":1,"column":129},"end":{"line":1,"column":141}},"loc":{"start":{"line":1,"column":165},"end":{"line":47,"column":1}}},"1":{"name":"addRoute","decl":{"start":{"line":6,"column":25},"end":{"line":6,"column":33}},"loc":{"start":{"line":6,"column":58},"end":{"line":8,"column":2}}},"2":{"name":"navigateToHashUrl","decl":{"start":{"line":10,"column":34},"end":{"line":10,"column":51}},"loc":{"start":{"line":10,"column":61},"end":{"line":12,"column":2}}},"3":{"name":"handleRouting","decl":{"start":{"line":14,"column":30},"end":{"line":14,"column":43}},"loc":{"start":{"line":14,"column":46},"end":{"line":39,"column":2}}}},"branchMap":{"0":{"loc":{"start":{"line":19,"column":2},"end":{"line":28,"column":3}},"type":"if","locations":[{"start":{"line":19,"column":2},"end":{"line":28,"column":3}},{"start":{"line":19,"column":2},"end":{"line":28,"column":3}}]},"1":{"loc":{"start":{"line":22,"column":3},"end":{"line":24,"column":4}},"type":"if","locations":[{"start":{"line":22,"column":3},"end":{"line":24,"column":4}},{"start":{"line":22,"column":3},"end":{"line":24,"column":4}}]},"2":{"loc":{"start":{"line":30,"column":2},"end":{"line":34,"column":3}},"type":"if","locations":[{"start":{"line":30,"column":2},"end":{"line":34,"column":3}},{"start":{"line":30,"column":2},"end":{"line":34,"column":3}}]},"3":{"loc":{"start":{"line":31,"column":3},"end":{"line":33,"column":4}},"type":"if","locations":[{"start":{"line":31,"column":3},"end":{"line":33,"column":4}},{"start":{"line":31,"column":3},"end":{"line":33,"column":4}}]},"4":{"loc":{"start":{"line":41,"column":1},"end":{"line":44,"column":2}},"type":"if","locations":[{"start":{"line":41,"column":1},"end":{"line":44,"column":2}},{"start":{"line":41,"column":1},"end":{"line":44,"column":2}}]}},"s":{"0":0,"1":0,"2":0,"3":0,"4":0,"5":0,"6":0,"7":0,"8":0,"9":0,"10":0,"11":0,"12":0,"13":0,"14":0,"15":0,"16":0,"17":0,"18":0,"19":0,"20":0,"21":0,"22":0,"23":0,"24":0,"25":0,"26":0},"f":{"0":0,"1":0,"2":0,"3":0},"b":{"0":[0,0],"1":[0,0],"2":[0,0],"3":[0,0],"4":[0,0]}}
,"/Users/rviering/Projects/github/react-reactnative-skeleton/react/src/app/home/homeComponent.js": {"path":"/Users/rviering/Projects/github/react-reactnative-skeleton/react/src/app/home/homeComponent.js","statementMap":{"0":{"start":{"line":3,"column":22},"end":{"line":30,"column":2}},"1":{"start":{"line":5,"column":2},"end":{"line":5,"column":50}},"2":{"start":{"line":8,"column":2},"end":{"line":8,"column":64}},"3":{"start":{"line":11,"column":2},"end":{"line":15,"column":5}},"4":{"start":{"line":12,"column":3},"end":{"line":14,"column":6}},"5":{"start":{"line":16,"column":2},"end":{"line":16,"column":46}},"6":{"start":{"line":19,"column":2},"end":{"line":19,"column":30}},"7":{"start":{"line":22,"column":22},"end":{"line":22,"column":60}},"8":{"start":{"line":23,"column":2},"end":{"line":28,"column":4}}},"fnMap":{"0":{"name":"(anonymous_0)","decl":{"start":{"line":11,"column":57},"end":{"line":11,"column":58}},"loc":{"start":{"line":11,"column":63},"end":{"line":15,"column":3}}}},"branchMap":{},"s":{"0":1,"1":0,"2":1,"3":1,"4":1,"5":1,"6":0,"7":2,"8":2},"f":{"0":1},"b":{},"_coverageSchema":"332fd63041d2c1bcb487cc26dd0d5f7d97098a6c","hash":"cb0662ffacc0cfd703a0a5223465e82eb10a9ccf"}
,"/Users/rviering/Projects/github/react-reactnative-skeleton/react/src/app/home/index.js": {"path":"/Users/rviering/Projects/github/react-reactnative-skeleton/react/src/app/home/index.js","statementMap":{"0":{"start":{"line":1,"column":39},"end":{"line":1,"column":101}},"1":{"start":{"line":3,"column":203},"end":{"line":3,"column":257}},"2":{"start":{"line":5,"column":11},"end":{"line":8,"column":1}},"3":{"start":{"line":6,"column":1},"end":{"line":6,"column":20}},"4":{"start":{"line":10,"column":14},"end":{"line":12,"column":1}}},"fnMap":{"0":{"name":"_interopRequireDefault","decl":{"start":{"line":3,"column":174},"end":{"line":3,"column":196}},"loc":{"start":{"line":3,"column":202},"end":{"line":3,"column":258}}},"1":{"name":"init","decl":{"start":{"line":5,"column":20},"end":{"line":5,"column":24}},"loc":{"start":{"line":5,"column":36},"end":{"line":8,"column":1}}},"2":{"name":"dispose","decl":{"start":{"line":10,"column":23},"end":{"line":10,"column":30}},"loc":{"start":{"line":10,"column":33},"end":{"line":12,"column":1}}}},"branchMap":{"0":{"loc":{"start":{"line":3,"column":210},"end":{"line":3,"column":256}},"type":"cond-expr","locations":[{"start":{"line":3,"column":234},"end":{"line":3,"column":237}},{"start":{"line":3,"column":240},"end":{"line":3,"column":256}}]},"1":{"loc":{"start":{"line":3,"column":210},"end":{"line":3,"column":231}},"type":"binary-expr","locations":[{"start":{"line":3,"column":210},"end":{"line":3,"column":213}},{"start":{"line":3,"column":217},"end":{"line":3,"column":231}}]}},"s":{"0":0,"1":0,"2":0,"3":0,"4":0},"f":{"0":0,"1":0,"2":0},"b":{"0":[0,0],"1":[0,0]}}
,"/Users/rviering/Projects/github/react-reactnative-skeleton/react/src/app/reducers/assortments.js": {"path":"/Users/rviering/Projects/github/react-reactnative-skeleton/react/src/app/reducers/assortments.js","statementMap":{"0":{"start":{"line":3,"column":20},"end":{"line":10,"column":1}},"1":{"start":{"line":4,"column":1},"end":{"line":9,"column":2}},"2":{"start":{"line":6,"column":3},"end":{"line":6,"column":34}},"3":{"start":{"line":8,"column":3},"end":{"line":8,"column":16}}},"fnMap":{"0":{"name":"(anonymous_0)","decl":{"start":{"line":3,"column":20},"end":{"line":3,"column":21}},"loc":{"start":{"line":3,"column":44},"end":{"line":10,"column":1}}}},"branchMap":{"0":{"loc":{"start":{"line":3,"column":21},"end":{"line":3,"column":31}},"type":"default-arg","locations":[{"start":{"line":3,"column":29},"end":{"line":3,"column":31}}]},"1":{"loc":{"start":{"line":4,"column":1},"end":{"line":9,"column":2}},"type":"switch","locations":[{"start":{"line":5,"column":2},"end":{"line":6,"column":34}},{"start":{"line":7,"column":2},"end":{"line":8,"column":16}}]}},"s":{"0":1,"1":4,"2":1,"3":3},"f":{"0":4},"b":{"0":[3],"1":[1,3]},"_coverageSchema":"332fd63041d2c1bcb487cc26dd0d5f7d97098a6c","hash":"ed1ace840bbd16f9a0169a4b7d0421fb615b4996"}
,"/Users/rviering/Projects/github/react-reactnative-skeleton/react/src/app/reducers/rootReducer.js": {"path":"/Users/rviering/Projects/github/react-reactnative-skeleton/react/src/app/reducers/rootReducer.js","statementMap":{"0":{"start":{"line":4,"column":20},"end":{"line":4,"column":50}}},"fnMap":{},"branchMap":{},"s":{"0":1},"f":{},"b":{},"_coverageSchema":"332fd63041d2c1bcb487cc26dd0d5f7d97098a6c","hash":"1b2af13b97c02eeff680cd843e3db714ad63d6a4"}
}
