TN:
SF:/Users/reneprivat/Projects/github/react-reactnative-skeleton/react/src/app/index.js
FN:3,_interopRequireDefault
FN:7,init
FN:11,init
FN:18,init
FNF:4
FNH:0
FNDA:0,_interopRequireDefault
FNDA:0,init
FNDA:0,init
FNDA:0,init
DA:3,0
DA:5,0
DA:7,0
DA:8,0
DA:11,0
DA:12,0
DA:15,0
DA:16,0
DA:18,0
DA:19,0
LF:10
LH:0
BRDA:3,0,0,0
BRDA:3,0,1,0
BRDA:3,1,0,0
BRDA:3,1,1,0
BRF:4
BRH:0
end_of_record
TN:
SF:/Users/reneprivat/Projects/github/react-reactnative-skeleton/react/src/app/about/aboutComponent.js
FNF:0
FNH:0
DA:3,1
DA:5,2
DA:9,1
DA:15,3
LF:4
LH:4
BRF:0
BRH:0
end_of_record
TN:
SF:/Users/reneprivat/Projects/github/react-reactnative-skeleton/react/src/app/about/index.js
FN:4,_interopRequireDefault
FN:6,init
FN:10,dispose
FNF:3
FNH:0
FNDA:0,_interopRequireDefault
FNDA:0,init
FNDA:0,dispose
DA:1,0
DA:4,0
DA:6,0
DA:10,0
LF:4
LH:0
BRDA:4,0,0,0
BRDA:4,0,1,0
BRDA:4,1,0,0
BRDA:4,1,1,0
BRF:4
BRH:0
end_of_record
TN:
SF:/Users/reneprivat/Projects/github/react-reactnative-skeleton/react/src/app/core/rendering.js
FN:3,_interopRequireDefault
FN:3,render
FNF:2
FNH:0
FNDA:0,_interopRequireDefault
FNDA:0,render
DA:1,0
DA:3,0
DA:4,0
DA:5,0
LF:4
LH:0
BRDA:3,0,0,0
BRDA:3,0,1,0
BRDA:3,1,0,0
BRDA:3,1,1,0
BRF:4
BRH:0
end_of_record
TN:
SF:/Users/reneprivat/Projects/github/react-reactnative-skeleton/react/src/app/core/router.js
FN:1,createRouter
FN:6,addRoute
FN:10,navigateToHashUrl
FN:14,handleRouting
FNF:4
FNH:0
FNDA:0,createRouter
FNDA:0,addRoute
FNDA:0,navigateToHashUrl
FNDA:0,handleRouting
DA:1,0
DA:2,0
DA:3,0
DA:4,0
DA:6,0
DA:7,0
DA:10,0
DA:11,0
DA:14,0
DA:16,0
DA:17,0
DA:19,0
DA:20,0
DA:22,0
DA:23,0
DA:26,0
DA:27,0
DA:30,0
DA:31,0
DA:32,0
DA:36,0
DA:38,0
DA:41,0
DA:42,0
DA:43,0
DA:46,0
LF:26
LH:0
BRDA:19,0,0,0
BRDA:19,0,1,0
BRDA:22,1,0,0
BRDA:22,1,1,0
BRDA:30,2,0,0
BRDA:30,2,1,0
BRDA:31,3,0,0
BRDA:31,3,1,0
BRDA:41,4,0,0
BRDA:41,4,1,0
BRF:10
BRH:0
end_of_record
TN:
SF:/Users/reneprivat/Projects/github/react-reactnative-skeleton/react/src/app/home/homeComponent.js
FN:1,_interopRequireDefault
FN:4,render
FNF:2
FNH:0
FNDA:0,_interopRequireDefault
FNDA:0,render
DA:1,0
DA:3,0
DA:5,0
LF:3
LH:0
BRDA:1,0,0,0
BRDA:1,0,1,0
BRDA:1,1,0,0
BRDA:1,1,1,0
BRF:4
BRH:0
end_of_record
TN:
SF:/Users/reneprivat/Projects/github/react-reactnative-skeleton/react/src/app/home/index.js
FN:3,_interopRequireDefault
FN:5,init
FN:9,dispose
FNF:3
FNH:0
FNDA:0,_interopRequireDefault
FNDA:0,init
FNDA:0,dispose
DA:1,0
DA:3,0
DA:5,0
DA:9,0
LF:4
LH:0
BRDA:3,0,0,0
BRDA:3,0,1,0
BRDA:3,1,0,0
BRDA:3,1,1,0
BRF:4
BRH:0
end_of_record
