TN:
SF:/Users/rviering/Projects/github/react-reactnative-skeleton/react/src/app/index.js
FN:7,_interopRequireDefault
FN:17,init
FN:23,init
FN:40,init
FNF:4
FNH:0
FNDA:0,_interopRequireDefault
FNDA:0,init
FNDA:0,init
FNDA:0,init
DA:7,0
DA:10,0
DA:11,0
DA:14,0
DA:16,0
DA:18,0
DA:22,0
DA:24,0
DA:28,0
DA:33,0
DA:39,0
DA:41,0
LF:12
LH:0
BRDA:7,0,0,0
BRDA:7,0,1,0
BRDA:7,1,0,0
BRDA:7,1,1,0
BRF:4
BRH:0
end_of_record
TN:
SF:/Users/rviering/Projects/github/react-reactnative-skeleton/react/src/app/about/aboutComponent.js
FNF:0
FNH:0
DA:3,1
DA:5,2
DA:9,1
DA:15,3
LF:4
LH:4
BRF:0
BRH:0
end_of_record
TN:
SF:/Users/rviering/Projects/github/react-reactnative-skeleton/react/src/app/about/index.js
FN:4,_interopRequireDefault
FN:6,init
FN:10,dispose
FNF:3
FNH:0
FNDA:0,_interopRequireDefault
FNDA:0,init
FNDA:0,dispose
DA:1,0
DA:4,0
DA:6,0
DA:10,0
LF:4
LH:0
BRDA:4,0,0,0
BRDA:4,0,1,0
BRDA:4,1,0,0
BRDA:4,1,1,0
BRF:4
BRH:0
end_of_record
TN:
SF:/Users/rviering/Projects/github/react-reactnative-skeleton/react/src/app/actions/actions.js
FNF:0
FNH:0
DA:1,1
LF:1
LH:1
BRF:0
BRH:0
end_of_record
TN:
SF:/Users/rviering/Projects/github/react-reactnative-skeleton/react/src/app/actions/createActionCreator.js
FN:3,(anonymous_0)
FN:4,(anonymous_1)
FN:6,(anonymous_2)
FNF:3
FNH:3
FNDA:1,(anonymous_0)
FNDA:1,(anonymous_1)
FNDA:1,(anonymous_2)
DA:3,1
DA:4,1
DA:5,1
DA:7,1
DA:14,1
LF:5
LH:5
BRF:0
BRH:0
end_of_record
TN:
SF:/Users/rviering/Projects/github/react-reactnative-skeleton/react/src/app/core/dataProvider.js
FN:3,getAssortments
FNF:1
FNH:0
FNDA:0,getAssortments
DA:1,0
DA:3,0
DA:4,0
LF:3
LH:0
BRF:0
BRH:0
end_of_record
TN:
SF:/Users/rviering/Projects/github/react-reactnative-skeleton/react/src/app/core/httpProvider.js
FN:1,_interopRequireDefault
FN:3,get
FN:4,(anonymous_2)
FN:11,success
FN:14,error
FN:22,post
FN:23,(anonymous_6)
FN:31,success
FN:34,error
FNF:9
FNH:0
FNDA:0,_interopRequireDefault
FNDA:0,get
FNDA:0,(anonymous_2)
FNDA:0,success
FNDA:0,error
FNDA:0,post
FNDA:0,(anonymous_6)
FNDA:0,success
FNDA:0,error
DA:1,0
DA:3,0
DA:4,0
DA:5,0
DA:12,0
DA:15,0
DA:16,0
DA:22,0
DA:23,0
DA:24,0
DA:32,0
DA:35,0
DA:36,0
DA:42,0
LF:14
LH:0
BRDA:1,0,0,0
BRDA:1,0,1,0
BRDA:1,1,0,0
BRDA:1,1,1,0
BRF:4
BRH:0
end_of_record
TN:
SF:/Users/rviering/Projects/github/react-reactnative-skeleton/react/src/app/core/rendering.js
FN:3,_interopRequireDefault
FN:3,render
FNF:2
FNH:0
FNDA:0,_interopRequireDefault
FNDA:0,render
DA:1,0
DA:3,0
DA:4,0
DA:5,0
LF:4
LH:0
BRDA:3,0,0,0
BRDA:3,0,1,0
BRDA:3,1,0,0
BRDA:3,1,1,0
BRF:4
BRH:0
end_of_record
TN:
SF:/Users/rviering/Projects/github/react-reactnative-skeleton/react/src/app/core/router.js
FN:1,createRouter
FN:6,addRoute
FN:10,navigateToHashUrl
FN:14,handleRouting
FNF:4
FNH:0
FNDA:0,createRouter
FNDA:0,addRoute
FNDA:0,navigateToHashUrl
FNDA:0,handleRouting
DA:1,0
DA:2,0
DA:3,0
DA:4,0
DA:6,0
DA:7,0
DA:10,0
DA:11,0
DA:14,0
DA:16,0
DA:17,0
DA:19,0
DA:20,0
DA:22,0
DA:23,0
DA:26,0
DA:27,0
DA:30,0
DA:31,0
DA:32,0
DA:36,0
DA:38,0
DA:41,0
DA:42,0
DA:43,0
DA:46,0
LF:26
LH:0
BRDA:19,0,0,0
BRDA:19,0,1,0
BRDA:22,1,0,0
BRDA:22,1,1,0
BRDA:30,2,0,0
BRDA:30,2,1,0
BRDA:31,3,0,0
BRDA:31,3,1,0
BRDA:41,4,0,0
BRDA:41,4,1,0
BRF:10
BRH:0
end_of_record
TN:
SF:/Users/rviering/Projects/github/react-reactnative-skeleton/react/src/app/home/homeComponent.js
FN:11,(anonymous_0)
FNF:1
FNH:1
FNDA:1,(anonymous_0)
DA:3,1
DA:5,0
DA:8,1
DA:11,1
DA:12,1
DA:16,1
DA:19,0
DA:22,2
DA:23,2
LF:9
LH:7
BRF:0
BRH:0
end_of_record
TN:
SF:/Users/rviering/Projects/github/react-reactnative-skeleton/react/src/app/home/index.js
FN:3,_interopRequireDefault
FN:5,init
FN:10,dispose
FNF:3
FNH:0
FNDA:0,_interopRequireDefault
FNDA:0,init
FNDA:0,dispose
DA:1,0
DA:3,0
DA:5,0
DA:6,0
DA:10,0
LF:5
LH:0
BRDA:3,0,0,0
BRDA:3,0,1,0
BRDA:3,1,0,0
BRDA:3,1,1,0
BRF:4
BRH:0
end_of_record
TN:
SF:/Users/rviering/Projects/github/react-reactnative-skeleton/react/src/app/reducers/assortments.js
FN:3,(anonymous_0)
FNF:1
FNH:1
FNDA:4,(anonymous_0)
DA:3,1
DA:4,4
DA:6,1
DA:8,3
LF:4
LH:4
BRDA:3,0,0,3
BRDA:4,1,0,1
BRDA:4,1,1,3
BRF:3
BRH:3
end_of_record
TN:
SF:/Users/rviering/Projects/github/react-reactnative-skeleton/react/src/app/reducers/rootReducer.js
FNF:0
FNH:0
DA:4,1
LF:1
LH:1
BRF:0
BRH:0
end_of_record
